Determining if the pthread_create exist failed with the following output:
Change Dir: /home/hilbert/build/CMakeFiles/CMakeTmp

Run Build Command:"/usr/bin/make" "cmTC_98780/fast"
/usr/bin/make -f CMakeFiles/cmTC_98780.dir/build.make CMakeFiles/cmTC_98780.dir/build
make[1]: Entering directory '/home/hilbert/build/CMakeFiles/CMakeTmp'
Building CXX object CMakeFiles/cmTC_98780.dir/CheckSymbolExists.cxx.o
/usr/bin/g++     -o CMakeFiles/cmTC_98780.dir/CheckSymbolExists.cxx.o -c /home/hilbert/build/CMakeFiles/CMakeTmp/CheckSymbolExists.cxx
Linking CXX executable cmTC_98780
/usr/bin/cmake -E cmake_link_script CMakeFiles/cmTC_98780.dir/link.txt --verbose=1
/usr/bin/g++       CMakeFiles/cmTC_98780.dir/CheckSymbolExists.cxx.o  -o cmTC_98780 
CMakeFiles/cmTC_98780.dir/CheckSymbolExists.cxx.o: In function `main':
CheckSymbolExists.cxx:(.text+0x1b): undefined reference to `pthread_create'
collect2: error: ld returned 1 exit status
CMakeFiles/cmTC_98780.dir/build.make:97: recipe for target 'cmTC_98780' failed
make[1]: *** [cmTC_98780] Error 1
make[1]: Leaving directory '/home/hilbert/build/CMakeFiles/CMakeTmp'
Makefile:126: recipe for target 'cmTC_98780/fast' failed
make: *** [cmTC_98780/fast] Error 2

File /home/hilbert/build/CMakeFiles/CMakeTmp/CheckSymbolExists.cxx:
/* */
#include <pthread.h>

int main(int argc, char** argv)
{
  (void)argv;
#ifndef pthread_create
  return ((int*)(&pthread_create))[argc];
#else
  (void)argc;
  return 0;
#endif
}

Determining if the function pthread_create exists in the pthreads failed with the following output:
Change Dir: /home/hilbert/build/CMakeFiles/CMakeTmp

Run Build Command:"/usr/bin/make" "cmTC_a9f99/fast"
/usr/bin/make -f CMakeFiles/cmTC_a9f99.dir/build.make CMakeFiles/cmTC_a9f99.dir/build
make[1]: Entering directory '/home/hilbert/build/CMakeFiles/CMakeTmp'
Building CXX object CMakeFiles/cmTC_a9f99.dir/CheckFunctionExists.cxx.o
/usr/bin/g++    -DCHECK_FUNCTION_EXISTS=pthread_create   -o CMakeFiles/cmTC_a9f99.dir/CheckFunctionExists.cxx.o -c /home/hilbert/build/CMakeFiles/CheckLibraryExists/CheckFunctionExists.cxx
Linking CXX executable cmTC_a9f99
/usr/bin/cmake -E cmake_link_script CMakeFiles/cmTC_a9f99.dir/link.txt --verbose=1
/usr/bin/g++   -DCHECK_FUNCTION_EXISTS=pthread_create    CMakeFiles/cmTC_a9f99.dir/CheckFunctionExists.cxx.o  -o cmTC_a9f99 -lpthreads 
/usr/bin/ld: cannot find -lpthreads
collect2: error: ld returned 1 exit status
CMakeFiles/cmTC_a9f99.dir/build.make:97: recipe for target 'cmTC_a9f99' failed
make[1]: *** [cmTC_a9f99] Error 1
make[1]: Leaving directory '/home/hilbert/build/CMakeFiles/CMakeTmp'
Makefile:126: recipe for target 'cmTC_a9f99/fast' failed
make: *** [cmTC_a9f99/fast] Error 2


